
2016-08-04 13:29:32
[ERROR]-[Thread: qtp1470195146-19]-[freemarker.log._Log4JLoggerFactory$Log4JLogger.error()]: Error executing FreeMarker template
FreeMarker template error:
The following has evaluated to null or missing:
==> x.title  [in template "blog/blog.html" at line 18, column 64]

Tip: If the failing expression is known to be legally null/missing, either specify a default value with myOptionalVar!myDefault, or use <#if myOptionalVar??>when-present<#else>when-missing</#if>. (These only cover the last step of the expression; to cover the whole expression, use parenthessis: (myOptionVar.foo)!myDefault, (myOptionVar.foo)??

The failing instruction (FTL stack trace):
----------
==> ${x.title}  [in template "blog/blog.html" at line 18, column 62]
    #list blogPage.getList() as x  [in template "blog/blog.html" at line 15, column 25]
    #nested  [in template "common/_layout.html" in macro "layout" at line 22, column 25]
    @layout  [in template "blog/blog.html" at line 2, column 1]
----------

Java stack trace (for programmers):
----------
freemarker.core.InvalidReferenceException: [... Exception message was already printed; see it above ...]
	at freemarker.core.InvalidReferenceException.getInstance(InvalidReferenceException.java:98)
	at freemarker.core.EvalUtil.coerceModelToString(EvalUtil.java:382)
	at freemarker.core.Expression.evalAndCoerceToString(Expression.java:115)
	at freemarker.core.DollarVariable.accept(DollarVariable.java:76)
	at freemarker.core.Environment.visit(Environment.java:265)
	at freemarker.core.MixedContent.accept(MixedContent.java:93)
	at freemarker.core.Environment.visit(Environment.java:265)
	at freemarker.core.IteratorBlock$Context.runLoop(IteratorBlock.java:181)
	at freemarker.core.Environment.visitIteratorBlock(Environment.java:509)
	at freemarker.core.IteratorBlock.accept(IteratorBlock.java:103)
	at freemarker.core.Environment.visit(Environment.java:265)
	at freemarker.core.MixedContent.accept(MixedContent.java:93)
	at freemarker.core.Environment.visit(Environment.java:265)
	at freemarker.core.Environment.visit(Environment.java:487)
	at freemarker.core.BodyInstruction.accept(BodyInstruction.java:93)
	at freemarker.core.Environment.visit(Environment.java:265)
	at freemarker.core.MixedContent.accept(MixedContent.java:93)
	at freemarker.core.Environment.visit(Environment.java:265)
	at freemarker.core.Macro$Context.runMacro(Macro.java:209)
	at freemarker.core.Environment.visit(Environment.java:694)
	at freemarker.core.UnifiedCall.accept(UnifiedCall.java:116)
	at freemarker.core.Environment.visit(Environment.java:265)
	at freemarker.core.MixedContent.accept(MixedContent.java:93)
	at freemarker.core.Environment.visit(Environment.java:265)
	at freemarker.core.Environment.process(Environment.java:243)
	at freemarker.template.Template.process(Template.java:277)
	at com.jfinal.render.FreeMarkerRender.render(FreeMarkerRender.java:145)
	at com.jfinal.core.ActionHandler.handle(ActionHandler.java:97)
	at com.jfinal.core.JFinalFilter.doFilter(JFinalFilter.java:72)
	at org.eclipse.jetty.servlet.ServletHandler$CachedChain.doFilter(ServletHandler.java:1307)
	at org.eclipse.jetty.servlet.ServletHandler.doHandle(ServletHandler.java:453)
	at org.eclipse.jetty.server.handler.ScopedHandler.handle(ScopedHandler.java:137)
	at org.eclipse.jetty.security.SecurityHandler.handle(SecurityHandler.java:560)
	at org.eclipse.jetty.server.session.SessionHandler.doHandle(SessionHandler.java:231)
	at org.eclipse.jetty.server.handler.ContextHandler.doHandle(ContextHandler.java:1072)
	at org.eclipse.jetty.servlet.ServletHandler.doScope(ServletHandler.java:382)
	at org.eclipse.jetty.server.session.SessionHandler.doScope(SessionHandler.java:193)
	at org.eclipse.jetty.server.handler.ContextHandler.doScope(ContextHandler.java:1006)
	at org.eclipse.jetty.server.handler.ScopedHandler.handle(ScopedHandler.java:135)
	at org.eclipse.jetty.server.handler.HandlerWrapper.handle(HandlerWrapper.java:116)
	at org.eclipse.jetty.server.Server.handle(Server.java:365)
	at org.eclipse.jetty.server.AbstractHttpConnection.handleRequest(AbstractHttpConnection.java:485)
	at org.eclipse.jetty.server.AbstractHttpConnection.headerComplete(AbstractHttpConnection.java:926)
	at org.eclipse.jetty.server.AbstractHttpConnection$RequestHandler.headerComplete(AbstractHttpConnection.java:988)
	at org.eclipse.jetty.http.HttpParser.parseNext(HttpParser.java:635)
	at org.eclipse.jetty.http.HttpParser.parseAvailable(HttpParser.java:235)
	at org.eclipse.jetty.server.AsyncHttpConnection.handle(AsyncHttpConnection.java:82)
	at org.eclipse.jetty.io.nio.SelectChannelEndPoint.handle(SelectChannelEndPoint.java:628)
	at org.eclipse.jetty.io.nio.SelectChannelEndPoint$1.run(SelectChannelEndPoint.java:52)
	at org.eclipse.jetty.util.thread.QueuedThreadPool.runJob(QueuedThreadPool.java:608)
	at org.eclipse.jetty.util.thread.QueuedThreadPool$3.run(QueuedThreadPool.java:543)
	at java.lang.Thread.run(Unknown Source)

2016-08-04 13:29:32
[ERROR]-[Thread: qtp1470195146-19]-[com.jfinal.core.ActionHandler.handle()]: /blog
com.jfinal.render.RenderException: freemarker.core.InvalidReferenceException: The following has evaluated to null or missing:
==> x.title  [in template "blog/blog.html" at line 18, column 64]

Tip: If the failing expression is known to be legally null/missing, either specify a default value with myOptionalVar!myDefault, or use <#if myOptionalVar??>when-present<#else>when-missing</#if>. (These only cover the last step of the expression; to cover the whole expression, use parenthessis: (myOptionVar.foo)!myDefault, (myOptionVar.foo)??

The failing instruction (print stack trace for 3 more):
==> ${x.title}  [in template "blog/blog.html" at line 18, column 62]
	at com.jfinal.render.FreeMarkerRender.render(FreeMarkerRender.java:147)
	at com.jfinal.core.ActionHandler.handle(ActionHandler.java:97)
	at com.jfinal.core.JFinalFilter.doFilter(JFinalFilter.java:72)
	at org.eclipse.jetty.servlet.ServletHandler$CachedChain.doFilter(ServletHandler.java:1307)
	at org.eclipse.jetty.servlet.ServletHandler.doHandle(ServletHandler.java:453)
	at org.eclipse.jetty.server.handler.ScopedHandler.handle(ScopedHandler.java:137)
	at org.eclipse.jetty.security.SecurityHandler.handle(SecurityHandler.java:560)
	at org.eclipse.jetty.server.session.SessionHandler.doHandle(SessionHandler.java:231)
	at org.eclipse.jetty.server.handler.ContextHandler.doHandle(ContextHandler.java:1072)
	at org.eclipse.jetty.servlet.ServletHandler.doScope(ServletHandler.java:382)
	at org.eclipse.jetty.server.session.SessionHandler.doScope(SessionHandler.java:193)
	at org.eclipse.jetty.server.handler.ContextHandler.doScope(ContextHandler.java:1006)
	at org.eclipse.jetty.server.handler.ScopedHandler.handle(ScopedHandler.java:135)
	at org.eclipse.jetty.server.handler.HandlerWrapper.handle(HandlerWrapper.java:116)
	at org.eclipse.jetty.server.Server.handle(Server.java:365)
	at org.eclipse.jetty.server.AbstractHttpConnection.handleRequest(AbstractHttpConnection.java:485)
	at org.eclipse.jetty.server.AbstractHttpConnection.headerComplete(AbstractHttpConnection.java:926)
	at org.eclipse.jetty.server.AbstractHttpConnection$RequestHandler.headerComplete(AbstractHttpConnection.java:988)
	at org.eclipse.jetty.http.HttpParser.parseNext(HttpParser.java:635)
	at org.eclipse.jetty.http.HttpParser.parseAvailable(HttpParser.java:235)
	at org.eclipse.jetty.server.AsyncHttpConnection.handle(AsyncHttpConnection.java:82)
	at org.eclipse.jetty.io.nio.SelectChannelEndPoint.handle(SelectChannelEndPoint.java:628)
	at org.eclipse.jetty.io.nio.SelectChannelEndPoint$1.run(SelectChannelEndPoint.java:52)
	at org.eclipse.jetty.util.thread.QueuedThreadPool.runJob(QueuedThreadPool.java:608)
	at org.eclipse.jetty.util.thread.QueuedThreadPool$3.run(QueuedThreadPool.java:543)
	at java.lang.Thread.run(Unknown Source)
Caused by: freemarker.core.InvalidReferenceException: The following has evaluated to null or missing:
==> x.title  [in template "blog/blog.html" at line 18, column 64]

Tip: If the failing expression is known to be legally null/missing, either specify a default value with myOptionalVar!myDefault, or use <#if myOptionalVar??>when-present<#else>when-missing</#if>. (These only cover the last step of the expression; to cover the whole expression, use parenthessis: (myOptionVar.foo)!myDefault, (myOptionVar.foo)??

The failing instruction (print stack trace for 3 more):
==> ${x.title}  [in template "blog/blog.html" at line 18, column 62]
	at freemarker.core.InvalidReferenceException.getInstance(InvalidReferenceException.java:98)
	at freemarker.core.EvalUtil.coerceModelToString(EvalUtil.java:382)
	at freemarker.core.Expression.evalAndCoerceToString(Expression.java:115)
	at freemarker.core.DollarVariable.accept(DollarVariable.java:76)
	at freemarker.core.Environment.visit(Environment.java:265)
	at freemarker.core.MixedContent.accept(MixedContent.java:93)
	at freemarker.core.Environment.visit(Environment.java:265)
	at freemarker.core.IteratorBlock$Context.runLoop(IteratorBlock.java:181)
	at freemarker.core.Environment.visitIteratorBlock(Environment.java:509)
	at freemarker.core.IteratorBlock.accept(IteratorBlock.java:103)
	at freemarker.core.Environment.visit(Environment.java:265)
	at freemarker.core.MixedContent.accept(MixedContent.java:93)
	at freemarker.core.Environment.visit(Environment.java:265)
	at freemarker.core.Environment.visit(Environment.java:487)
	at freemarker.core.BodyInstruction.accept(BodyInstruction.java:93)
	at freemarker.core.Environment.visit(Environment.java:265)
	at freemarker.core.MixedContent.accept(MixedContent.java:93)
	at freemarker.core.Environment.visit(Environment.java:265)
	at freemarker.core.Macro$Context.runMacro(Macro.java:209)
	at freemarker.core.Environment.visit(Environment.java:694)
	at freemarker.core.UnifiedCall.accept(UnifiedCall.java:116)
	at freemarker.core.Environment.visit(Environment.java:265)
	at freemarker.core.MixedContent.accept(MixedContent.java:93)
	at freemarker.core.Environment.visit(Environment.java:265)
	at freemarker.core.Environment.process(Environment.java:243)
	at freemarker.template.Template.process(Template.java:277)
	at com.jfinal.render.FreeMarkerRender.render(FreeMarkerRender.java:145)
	... 25 more

2016-08-04 13:30:05
[ERROR]-[Thread: qtp1470195146-24]-[freemarker.log._Log4JLoggerFactory$Log4JLogger.error()]: Error executing FreeMarker template
FreeMarker template error:
The following has evaluated to null or missing:
==> x.title  [in template "blog/blog.html" at line 18, column 64]

Tip: If the failing expression is known to be legally null/missing, either specify a default value with myOptionalVar!myDefault, or use <#if myOptionalVar??>when-present<#else>when-missing</#if>. (These only cover the last step of the expression; to cover the whole expression, use parenthessis: (myOptionVar.foo)!myDefault, (myOptionVar.foo)??

The failing instruction (FTL stack trace):
----------
==> ${x.title}  [in template "blog/blog.html" at line 18, column 62]
    #list blogPage.getList() as x  [in template "blog/blog.html" at line 15, column 25]
    #nested  [in template "common/_layout.html" in macro "layout" at line 22, column 25]
    @layout  [in template "blog/blog.html" at line 2, column 1]
----------

Java stack trace (for programmers):
----------
freemarker.core.InvalidReferenceException: [... Exception message was already printed; see it above ...]
	at freemarker.core.InvalidReferenceException.getInstance(InvalidReferenceException.java:98)
	at freemarker.core.EvalUtil.coerceModelToString(EvalUtil.java:382)
	at freemarker.core.Expression.evalAndCoerceToString(Expression.java:115)
	at freemarker.core.DollarVariable.accept(DollarVariable.java:76)
	at freemarker.core.Environment.visit(Environment.java:265)
	at freemarker.core.MixedContent.accept(MixedContent.java:93)
	at freemarker.core.Environment.visit(Environment.java:265)
	at freemarker.core.IteratorBlock$Context.runLoop(IteratorBlock.java:181)
	at freemarker.core.Environment.visitIteratorBlock(Environment.java:509)
	at freemarker.core.IteratorBlock.accept(IteratorBlock.java:103)
	at freemarker.core.Environment.visit(Environment.java:265)
	at freemarker.core.MixedContent.accept(MixedContent.java:93)
	at freemarker.core.Environment.visit(Environment.java:265)
	at freemarker.core.Environment.visit(Environment.java:487)
	at freemarker.core.BodyInstruction.accept(BodyInstruction.java:93)
	at freemarker.core.Environment.visit(Environment.java:265)
	at freemarker.core.MixedContent.accept(MixedContent.java:93)
	at freemarker.core.Environment.visit(Environment.java:265)
	at freemarker.core.Macro$Context.runMacro(Macro.java:209)
	at freemarker.core.Environment.visit(Environment.java:694)
	at freemarker.core.UnifiedCall.accept(UnifiedCall.java:116)
	at freemarker.core.Environment.visit(Environment.java:265)
	at freemarker.core.MixedContent.accept(MixedContent.java:93)
	at freemarker.core.Environment.visit(Environment.java:265)
	at freemarker.core.Environment.process(Environment.java:243)
	at freemarker.template.Template.process(Template.java:277)
	at com.jfinal.render.FreeMarkerRender.render(FreeMarkerRender.java:145)
	at com.jfinal.core.ActionHandler.handle(ActionHandler.java:97)
	at com.jfinal.core.JFinalFilter.doFilter(JFinalFilter.java:72)
	at org.eclipse.jetty.servlet.ServletHandler$CachedChain.doFilter(ServletHandler.java:1307)
	at org.eclipse.jetty.servlet.ServletHandler.doHandle(ServletHandler.java:453)
	at org.eclipse.jetty.server.handler.ScopedHandler.handle(ScopedHandler.java:137)
	at org.eclipse.jetty.security.SecurityHandler.handle(SecurityHandler.java:560)
	at org.eclipse.jetty.server.session.SessionHandler.doHandle(SessionHandler.java:231)
	at org.eclipse.jetty.server.handler.ContextHandler.doHandle(ContextHandler.java:1072)
	at org.eclipse.jetty.servlet.ServletHandler.doScope(ServletHandler.java:382)
	at org.eclipse.jetty.server.session.SessionHandler.doScope(SessionHandler.java:193)
	at org.eclipse.jetty.server.handler.ContextHandler.doScope(ContextHandler.java:1006)
	at org.eclipse.jetty.server.handler.ScopedHandler.handle(ScopedHandler.java:135)
	at org.eclipse.jetty.server.handler.HandlerWrapper.handle(HandlerWrapper.java:116)
	at org.eclipse.jetty.server.Server.handle(Server.java:365)
	at org.eclipse.jetty.server.AbstractHttpConnection.handleRequest(AbstractHttpConnection.java:485)
	at org.eclipse.jetty.server.AbstractHttpConnection.headerComplete(AbstractHttpConnection.java:926)
	at org.eclipse.jetty.server.AbstractHttpConnection$RequestHandler.headerComplete(AbstractHttpConnection.java:988)
	at org.eclipse.jetty.http.HttpParser.parseNext(HttpParser.java:635)
	at org.eclipse.jetty.http.HttpParser.parseAvailable(HttpParser.java:235)
	at org.eclipse.jetty.server.AsyncHttpConnection.handle(AsyncHttpConnection.java:82)
	at org.eclipse.jetty.io.nio.SelectChannelEndPoint.handle(SelectChannelEndPoint.java:628)
	at org.eclipse.jetty.io.nio.SelectChannelEndPoint$1.run(SelectChannelEndPoint.java:52)
	at org.eclipse.jetty.util.thread.QueuedThreadPool.runJob(QueuedThreadPool.java:608)
	at org.eclipse.jetty.util.thread.QueuedThreadPool$3.run(QueuedThreadPool.java:543)
	at java.lang.Thread.run(Unknown Source)

2016-08-04 13:30:05
[ERROR]-[Thread: qtp1470195146-24]-[com.jfinal.core.ActionHandler.handle()]: /blog
com.jfinal.render.RenderException: freemarker.core.InvalidReferenceException: The following has evaluated to null or missing:
==> x.title  [in template "blog/blog.html" at line 18, column 64]

Tip: If the failing expression is known to be legally null/missing, either specify a default value with myOptionalVar!myDefault, or use <#if myOptionalVar??>when-present<#else>when-missing</#if>. (These only cover the last step of the expression; to cover the whole expression, use parenthessis: (myOptionVar.foo)!myDefault, (myOptionVar.foo)??

The failing instruction (print stack trace for 3 more):
==> ${x.title}  [in template "blog/blog.html" at line 18, column 62]
	at com.jfinal.render.FreeMarkerRender.render(FreeMarkerRender.java:147)
	at com.jfinal.core.ActionHandler.handle(ActionHandler.java:97)
	at com.jfinal.core.JFinalFilter.doFilter(JFinalFilter.java:72)
	at org.eclipse.jetty.servlet.ServletHandler$CachedChain.doFilter(ServletHandler.java:1307)
	at org.eclipse.jetty.servlet.ServletHandler.doHandle(ServletHandler.java:453)
	at org.eclipse.jetty.server.handler.ScopedHandler.handle(ScopedHandler.java:137)
	at org.eclipse.jetty.security.SecurityHandler.handle(SecurityHandler.java:560)
	at org.eclipse.jetty.server.session.SessionHandler.doHandle(SessionHandler.java:231)
	at org.eclipse.jetty.server.handler.ContextHandler.doHandle(ContextHandler.java:1072)
	at org.eclipse.jetty.servlet.ServletHandler.doScope(ServletHandler.java:382)
	at org.eclipse.jetty.server.session.SessionHandler.doScope(SessionHandler.java:193)
	at org.eclipse.jetty.server.handler.ContextHandler.doScope(ContextHandler.java:1006)
	at org.eclipse.jetty.server.handler.ScopedHandler.handle(ScopedHandler.java:135)
	at org.eclipse.jetty.server.handler.HandlerWrapper.handle(HandlerWrapper.java:116)
	at org.eclipse.jetty.server.Server.handle(Server.java:365)
	at org.eclipse.jetty.server.AbstractHttpConnection.handleRequest(AbstractHttpConnection.java:485)
	at org.eclipse.jetty.server.AbstractHttpConnection.headerComplete(AbstractHttpConnection.java:926)
	at org.eclipse.jetty.server.AbstractHttpConnection$RequestHandler.headerComplete(AbstractHttpConnection.java:988)
	at org.eclipse.jetty.http.HttpParser.parseNext(HttpParser.java:635)
	at org.eclipse.jetty.http.HttpParser.parseAvailable(HttpParser.java:235)
	at org.eclipse.jetty.server.AsyncHttpConnection.handle(AsyncHttpConnection.java:82)
	at org.eclipse.jetty.io.nio.SelectChannelEndPoint.handle(SelectChannelEndPoint.java:628)
	at org.eclipse.jetty.io.nio.SelectChannelEndPoint$1.run(SelectChannelEndPoint.java:52)
	at org.eclipse.jetty.util.thread.QueuedThreadPool.runJob(QueuedThreadPool.java:608)
	at org.eclipse.jetty.util.thread.QueuedThreadPool$3.run(QueuedThreadPool.java:543)
	at java.lang.Thread.run(Unknown Source)
Caused by: freemarker.core.InvalidReferenceException: The following has evaluated to null or missing:
==> x.title  [in template "blog/blog.html" at line 18, column 64]

Tip: If the failing expression is known to be legally null/missing, either specify a default value with myOptionalVar!myDefault, or use <#if myOptionalVar??>when-present<#else>when-missing</#if>. (These only cover the last step of the expression; to cover the whole expression, use parenthessis: (myOptionVar.foo)!myDefault, (myOptionVar.foo)??

The failing instruction (print stack trace for 3 more):
==> ${x.title}  [in template "blog/blog.html" at line 18, column 62]
	at freemarker.core.InvalidReferenceException.getInstance(InvalidReferenceException.java:98)
	at freemarker.core.EvalUtil.coerceModelToString(EvalUtil.java:382)
	at freemarker.core.Expression.evalAndCoerceToString(Expression.java:115)
	at freemarker.core.DollarVariable.accept(DollarVariable.java:76)
	at freemarker.core.Environment.visit(Environment.java:265)
	at freemarker.core.MixedContent.accept(MixedContent.java:93)
	at freemarker.core.Environment.visit(Environment.java:265)
	at freemarker.core.IteratorBlock$Context.runLoop(IteratorBlock.java:181)
	at freemarker.core.Environment.visitIteratorBlock(Environment.java:509)
	at freemarker.core.IteratorBlock.accept(IteratorBlock.java:103)
	at freemarker.core.Environment.visit(Environment.java:265)
	at freemarker.core.MixedContent.accept(MixedContent.java:93)
	at freemarker.core.Environment.visit(Environment.java:265)
	at freemarker.core.Environment.visit(Environment.java:487)
	at freemarker.core.BodyInstruction.accept(BodyInstruction.java:93)
	at freemarker.core.Environment.visit(Environment.java:265)
	at freemarker.core.MixedContent.accept(MixedContent.java:93)
	at freemarker.core.Environment.visit(Environment.java:265)
	at freemarker.core.Macro$Context.runMacro(Macro.java:209)
	at freemarker.core.Environment.visit(Environment.java:694)
	at freemarker.core.UnifiedCall.accept(UnifiedCall.java:116)
	at freemarker.core.Environment.visit(Environment.java:265)
	at freemarker.core.MixedContent.accept(MixedContent.java:93)
	at freemarker.core.Environment.visit(Environment.java:265)
	at freemarker.core.Environment.process(Environment.java:243)
	at freemarker.template.Template.process(Template.java:277)
	at com.jfinal.render.FreeMarkerRender.render(FreeMarkerRender.java:145)
	... 25 more
